<?xml version="1.0" encoding="UTF-8"?>
<!-- Generated by org.testng.reporters.JUnitReportReporter -->
<testsuite skipped="0" hostname="VJN2W10BLR" name="com.qa.scripts.LoginPageTest" tests="1" failures="0" timestamp="06 Mar 2021 07:16:18 GMT" time="0.866" errors="0">
  <testcase name="bookTicket" time="0.866" classname="com.qa.scripts.LoginPageTest"/>
</testsuite> <!-- com.qa.scripts.LoginPageTest -->
